{"D:\\work-etoro-clone\\daily\\mvc-backend\\app.js": {"path":"D:\\work-etoro-clone\\daily\\mvc-backend\\app.js","statementMap":{"0":{"start":{"line":9,"column":12},"end":{"line":9,"column":21}},"1":{"start":{"line":12,"column":0},"end":{"line":12,"column":16}},"2":{"start":{"line":13,"column":0},"end":{"line":13,"column":24}},"3":{"start":{"line":14,"column":0},"end":{"line":14,"column":30}},"4":{"start":{"line":17,"column":0},"end":{"line":17,"column":34}},"5":{"start":{"line":18,"column":0},"end":{"line":18,"column":34}},"6":{"start":{"line":21,"column":0},"end":{"line":27,"column":38}},"7":{"start":{"line":26,"column":14},"end":{"line":26,"column":103}},"8":{"start":{"line":27,"column":18},"end":{"line":27,"column":36}},"9":{"start":{"line":31,"column":15},"end":{"line":31,"column":37}},"10":{"start":{"line":32,"column":11},"end":{"line":40,"column":2}},"11":{"start":{"line":42,"column":0},"end":{"line":47,"column":3}},"12":{"start":{"line":43,"column":2},"end":{"line":43,"column":34}},"13":{"start":{"line":44,"column":2},"end":{"line":46,"column":5}},"14":{"start":{"line":45,"column":4},"end":{"line":45,"column":39}},"15":{"start":{"line":50,"column":13},"end":{"line":50,"column":37}},"16":{"start":{"line":51,"column":0},"end":{"line":53,"column":3}},"17":{"start":{"line":52,"column":2},"end":{"line":52,"column":48}},"18":{"start":{"line":54,"column":0},"end":{"line":54,"column":21}}},"fnMap":{"0":{"name":"(anonymous_0)","decl":{"start":{"line":26,"column":8},"end":{"line":26,"column":9}},"loc":{"start":{"line":26,"column":14},"end":{"line":26,"column":103}},"line":26},"1":{"name":"(anonymous_1)","decl":{"start":{"line":27,"column":9},"end":{"line":27,"column":10}},"loc":{"start":{"line":27,"column":18},"end":{"line":27,"column":36}},"line":27},"2":{"name":"(anonymous_2)","decl":{"start":{"line":42,"column":20},"end":{"line":42,"column":21}},"loc":{"start":{"line":42,"column":32},"end":{"line":47,"column":1}},"line":42},"3":{"name":"(anonymous_3)","decl":{"start":{"line":44,"column":26},"end":{"line":44,"column":27}},"loc":{"start":{"line":44,"column":32},"end":{"line":46,"column":3}},"line":44},"4":{"name":"(anonymous_4)","decl":{"start":{"line":51,"column":20},"end":{"line":51,"column":21}},"loc":{"start":{"line":51,"column":26},"end":{"line":53,"column":1}},"line":51}},"branchMap":{"0":{"loc":{"start":{"line":50,"column":13},"end":{"line":50,"column":37}},"type":"binary-expr","locations":[{"start":{"line":50,"column":13},"end":{"line":50,"column":29}},{"start":{"line":50,"column":33},"end":{"line":50,"column":37}}],"line":50}},"s":{"0":1,"1":1,"2":1,"3":1,"4":1,"5":1,"6":1,"7":0,"8":0,"9":1,"10":1,"11":1,"12":0,"13":0,"14":0,"15":1,"16":1,"17":1,"18":1},"f":{"0":0,"1":0,"2":0,"3":0,"4":1},"b":{"0":[1,1]},"_coverageSchema":"1a1c01bbd47fc00a2c39e90264f33305004495a9","hash":"67f94f89acf9ecf1516c3e1a074667482e32dea2"}
,"D:\\work-etoro-clone\\daily\\mvc-backend\\controllers\\taskController.js": {"path":"D:\\work-etoro-clone\\daily\\mvc-backend\\controllers\\taskController.js","statementMap":{"0":{"start":{"line":5,"column":24},"end":{"line":12,"column":1}},"1":{"start":{"line":6,"column":2},"end":{"line":11,"column":3}},"2":{"start":{"line":7,"column":18},"end":{"line":7,"column":35}},"3":{"start":{"line":8,"column":4},"end":{"line":8,"column":32}},"4":{"start":{"line":10,"column":4},"end":{"line":10,"column":49}},"5":{"start":{"line":15,"column":23},"end":{"line":24,"column":1}},"6":{"start":{"line":16,"column":2},"end":{"line":23,"column":3}},"7":{"start":{"line":17,"column":41},"end":{"line":17,"column":49}},"8":{"start":{"line":18,"column":20},"end":{"line":18,"column":58}},"9":{"start":{"line":19,"column":4},"end":{"line":19,"column":25}},"10":{"start":{"line":20,"column":4},"end":{"line":20,"column":34}},"11":{"start":{"line":22,"column":4},"end":{"line":22,"column":49}},"12":{"start":{"line":27,"column":26},"end":{"line":35,"column":1}},"13":{"start":{"line":28,"column":2},"end":{"line":34,"column":3}},"14":{"start":{"line":29,"column":19},"end":{"line":29,"column":29}},"15":{"start":{"line":30,"column":4},"end":{"line":30,"column":37}},"16":{"start":{"line":31,"column":4},"end":{"line":31,"column":67}},"17":{"start":{"line":33,"column":4},"end":{"line":33,"column":49}},"18":{"start":{"line":38,"column":29},"end":{"line":46,"column":1}},"19":{"start":{"line":39,"column":2},"end":{"line":45,"column":3}},"20":{"start":{"line":40,"column":21},"end":{"line":40,"column":30}},"21":{"start":{"line":41,"column":23},"end":{"line":41,"column":135}},"22":{"start":{"line":42,"column":4},"end":{"line":42,"column":37}},"23":{"start":{"line":44,"column":4},"end":{"line":44,"column":49}}},"fnMap":{"0":{"name":"(anonymous_0)","decl":{"start":{"line":5,"column":24},"end":{"line":5,"column":25}},"loc":{"start":{"line":5,"column":44},"end":{"line":12,"column":1}},"line":5},"1":{"name":"(anonymous_1)","decl":{"start":{"line":15,"column":23},"end":{"line":15,"column":24}},"loc":{"start":{"line":15,"column":43},"end":{"line":24,"column":1}},"line":15},"2":{"name":"(anonymous_2)","decl":{"start":{"line":27,"column":26},"end":{"line":27,"column":27}},"loc":{"start":{"line":27,"column":46},"end":{"line":35,"column":1}},"line":27},"3":{"name":"(anonymous_3)","decl":{"start":{"line":38,"column":29},"end":{"line":38,"column":30}},"loc":{"start":{"line":38,"column":49},"end":{"line":46,"column":1}},"line":38}},"branchMap":{},"s":{"0":1,"1":0,"2":0,"3":0,"4":0,"5":1,"6":0,"7":0,"8":0,"9":0,"10":0,"11":0,"12":1,"13":0,"14":0,"15":0,"16":0,"17":0,"18":1,"19":0,"20":0,"21":0,"22":0,"23":0},"f":{"0":0,"1":0,"2":0,"3":0},"b":{},"_coverageSchema":"1a1c01bbd47fc00a2c39e90264f33305004495a9","hash":"07508e9f9763482fb906efac90c8fb6193645baa"}
,"D:\\work-etoro-clone\\daily\\mvc-backend\\controllers\\userController.js": {"path":"D:\\work-etoro-clone\\daily\\mvc-backend\\controllers\\userController.js","statementMap":{"0":{"start":{"line":5,"column":24},"end":{"line":12,"column":1}},"1":{"start":{"line":6,"column":2},"end":{"line":11,"column":3}},"2":{"start":{"line":7,"column":18},"end":{"line":7,"column":35}},"3":{"start":{"line":8,"column":4},"end":{"line":8,"column":39}},"4":{"start":{"line":10,"column":4},"end":{"line":10,"column":56}},"5":{"start":{"line":15,"column":23},"end":{"line":24,"column":1}},"6":{"start":{"line":16,"column":2},"end":{"line":23,"column":3}},"7":{"start":{"line":17,"column":38},"end":{"line":17,"column":46}},"8":{"start":{"line":18,"column":20},"end":{"line":18,"column":55}},"9":{"start":{"line":19,"column":4},"end":{"line":19,"column":25}},"10":{"start":{"line":20,"column":4},"end":{"line":20,"column":41}},"11":{"start":{"line":22,"column":4},"end":{"line":22,"column":56}},"12":{"start":{"line":27,"column":26},"end":{"line":35,"column":1}},"13":{"start":{"line":28,"column":2},"end":{"line":34,"column":3}},"14":{"start":{"line":29,"column":19},"end":{"line":29,"column":29}},"15":{"start":{"line":30,"column":4},"end":{"line":30,"column":37}},"16":{"start":{"line":31,"column":4},"end":{"line":31,"column":74}},"17":{"start":{"line":33,"column":4},"end":{"line":33,"column":56}},"18":{"start":{"line":38,"column":31},"end":{"line":51,"column":1}},"19":{"start":{"line":39,"column":2},"end":{"line":50,"column":3}},"20":{"start":{"line":40,"column":19},"end":{"line":40,"column":29}},"21":{"start":{"line":41,"column":25},"end":{"line":41,"column":33}},"22":{"start":{"line":42,"column":17},"end":{"line":46,"column":5}},"23":{"start":{"line":47,"column":4},"end":{"line":47,"column":38}},"24":{"start":{"line":49,"column":4},"end":{"line":49,"column":56}},"25":{"start":{"line":54,"column":31},"end":{"line":67,"column":1}},"26":{"start":{"line":55,"column":2},"end":{"line":66,"column":3}},"27":{"start":{"line":56,"column":19},"end":{"line":56,"column":29}},"28":{"start":{"line":57,"column":17},"end":{"line":57,"column":40}},"29":{"start":{"line":58,"column":4},"end":{"line":60,"column":5}},"30":{"start":{"line":59,"column":6},"end":{"line":59,"column":63}},"31":{"start":{"line":61,"column":4},"end":{"line":61,"column":58}},"32":{"start":{"line":62,"column":4},"end":{"line":62,"column":22}},"33":{"start":{"line":63,"column":4},"end":{"line":63,"column":38}},"34":{"start":{"line":65,"column":4},"end":{"line":65,"column":56}},"35":{"start":{"line":70,"column":34},"end":{"line":85,"column":1}},"36":{"start":{"line":71,"column":2},"end":{"line":84,"column":3}},"37":{"start":{"line":72,"column":19},"end":{"line":72,"column":29}},"38":{"start":{"line":73,"column":25},"end":{"line":73,"column":33}},"39":{"start":{"line":74,"column":17},"end":{"line":74,"column":40}},"40":{"start":{"line":75,"column":4},"end":{"line":81,"column":5}},"41":{"start":{"line":76,"column":6},"end":{"line":76,"column":63}},"42":{"start":{"line":78,"column":6},"end":{"line":78,"column":31}},"43":{"start":{"line":79,"column":6},"end":{"line":79,"column":24}},"44":{"start":{"line":80,"column":6},"end":{"line":80,"column":40}},"45":{"start":{"line":83,"column":4},"end":{"line":83,"column":56}},"46":{"start":{"line":88,"column":36},"end":{"line":106,"column":1}},"47":{"start":{"line":89,"column":2},"end":{"line":105,"column":3}},"48":{"start":{"line":90,"column":22},"end":{"line":90,"column":30}},"49":{"start":{"line":91,"column":17},"end":{"line":91,"column":46}},"50":{"start":{"line":92,"column":4},"end":{"line":94,"column":5}},"51":{"start":{"line":93,"column":6},"end":{"line":93,"column":63}},"52":{"start":{"line":96,"column":31},"end":{"line":96,"column":69}},"53":{"start":{"line":97,"column":37},"end":{"line":97,"column":105}},"54":{"start":{"line":98,"column":4},"end":{"line":98,"column":55}},"55":{"start":{"line":99,"column":4},"end":{"line":99,"column":53}},"56":{"start":{"line":100,"column":4},"end":{"line":100,"column":22}},"57":{"start":{"line":101,"column":4},"end":{"line":101,"column":87}},"58":{"start":{"line":104,"column":4},"end":{"line":104,"column":56}},"59":{"start":{"line":109,"column":33},"end":{"line":126,"column":1}},"60":{"start":{"line":110,"column":2},"end":{"line":125,"column":3}},"61":{"start":{"line":111,"column":48},"end":{"line":111,"column":56}},"62":{"start":{"line":112,"column":17},"end":{"line":115,"column":6}},"63":{"start":{"line":116,"column":4},"end":{"line":118,"column":5}},"64":{"start":{"line":117,"column":6},"end":{"line":117,"column":88}},"65":{"start":{"line":119,"column":4},"end":{"line":119,"column":32}},"66":{"start":{"line":120,"column":4},"end":{"line":120,"column":40}},"67":{"start":{"line":121,"column":4},"end":{"line":121,"column":22}},"68":{"start":{"line":122,"column":4},"end":{"line":122,"column":76}},"69":{"start":{"line":124,"column":4},"end":{"line":124,"column":56}},"70":{"start":{"line":129,"column":32},"end":{"line":142,"column":1}},"71":{"start":{"line":130,"column":2},"end":{"line":141,"column":3}},"72":{"start":{"line":131,"column":19},"end":{"line":131,"column":29}},"73":{"start":{"line":132,"column":27},"end":{"line":132,"column":35}},"74":{"start":{"line":133,"column":17},"end":{"line":137,"column":5}},"75":{"start":{"line":138,"column":4},"end":{"line":138,"column":38}},"76":{"start":{"line":140,"column":4},"end":{"line":140,"column":56}},"77":{"start":{"line":145,"column":24},"end":{"line":164,"column":1}},"78":{"start":{"line":146,"column":2},"end":{"line":163,"column":3}},"79":{"start":{"line":147,"column":19},"end":{"line":147,"column":29}},"80":{"start":{"line":148,"column":36},"end":{"line":148,"column":44}},"81":{"start":{"line":149,"column":17},"end":{"line":149,"column":40}},"82":{"start":{"line":150,"column":4},"end":{"line":152,"column":5}},"83":{"start":{"line":151,"column":6},"end":{"line":151,"column":63}},"84":{"start":{"line":153,"column":21},"end":{"line":157,"column":5}},"85":{"start":{"line":158,"column":4},"end":{"line":158,"column":31}},"86":{"start":{"line":159,"column":4},"end":{"line":159,"column":22}},"87":{"start":{"line":160,"column":4},"end":{"line":160,"column":38}},"88":{"start":{"line":162,"column":4},"end":{"line":162,"column":56}},"89":{"start":{"line":167,"column":27},"end":{"line":187,"column":1}},"90":{"start":{"line":168,"column":2},"end":{"line":186,"column":3}},"91":{"start":{"line":169,"column":28},"end":{"line":169,"column":38}},"92":{"start":{"line":170,"column":36},"end":{"line":170,"column":44}},"93":{"start":{"line":171,"column":17},"end":{"line":171,"column":40}},"94":{"start":{"line":172,"column":4},"end":{"line":174,"column":5}},"95":{"start":{"line":173,"column":6},"end":{"line":173,"column":63}},"96":{"start":{"line":175,"column":18},"end":{"line":175,"column":41}},"97":{"start":{"line":176,"column":4},"end":{"line":178,"column":5}},"98":{"start":{"line":177,"column":6},"end":{"line":177,"column":64}},"99":{"start":{"line":179,"column":4},"end":{"line":179,"column":28}},"100":{"start":{"line":180,"column":4},"end":{"line":180,"column":22}},"101":{"start":{"line":181,"column":4},"end":{"line":181,"column":22}},"102":{"start":{"line":182,"column":4},"end":{"line":182,"column":22}},"103":{"start":{"line":183,"column":4},"end":{"line":183,"column":38}},"104":{"start":{"line":185,"column":4},"end":{"line":185,"column":56}}},"fnMap":{"0":{"name":"(anonymous_0)","decl":{"start":{"line":5,"column":24},"end":{"line":5,"column":25}},"loc":{"start":{"line":5,"column":44},"end":{"line":12,"column":1}},"line":5},"1":{"name":"(anonymous_1)","decl":{"start":{"line":15,"column":23},"end":{"line":15,"column":24}},"loc":{"start":{"line":15,"column":43},"end":{"line":24,"column":1}},"line":15},"2":{"name":"(anonymous_2)","decl":{"start":{"line":27,"column":26},"end":{"line":27,"column":27}},"loc":{"start":{"line":27,"column":46},"end":{"line":35,"column":1}},"line":27},"3":{"name":"(anonymous_3)","decl":{"start":{"line":38,"column":31},"end":{"line":38,"column":32}},"loc":{"start":{"line":38,"column":51},"end":{"line":51,"column":1}},"line":38},"4":{"name":"(anonymous_4)","decl":{"start":{"line":54,"column":31},"end":{"line":54,"column":32}},"loc":{"start":{"line":54,"column":51},"end":{"line":67,"column":1}},"line":54},"5":{"name":"(anonymous_5)","decl":{"start":{"line":70,"column":34},"end":{"line":70,"column":35}},"loc":{"start":{"line":70,"column":54},"end":{"line":85,"column":1}},"line":70},"6":{"name":"(anonymous_6)","decl":{"start":{"line":88,"column":36},"end":{"line":88,"column":37}},"loc":{"start":{"line":88,"column":56},"end":{"line":106,"column":1}},"line":88},"7":{"name":"(anonymous_7)","decl":{"start":{"line":109,"column":33},"end":{"line":109,"column":34}},"loc":{"start":{"line":109,"column":53},"end":{"line":126,"column":1}},"line":109},"8":{"name":"(anonymous_8)","decl":{"start":{"line":129,"column":32},"end":{"line":129,"column":33}},"loc":{"start":{"line":129,"column":52},"end":{"line":142,"column":1}},"line":129},"9":{"name":"(anonymous_9)","decl":{"start":{"line":145,"column":24},"end":{"line":145,"column":25}},"loc":{"start":{"line":145,"column":44},"end":{"line":164,"column":1}},"line":145},"10":{"name":"(anonymous_10)","decl":{"start":{"line":167,"column":27},"end":{"line":167,"column":28}},"loc":{"start":{"line":167,"column":47},"end":{"line":187,"column":1}},"line":167}},"branchMap":{"0":{"loc":{"start":{"line":58,"column":4},"end":{"line":60,"column":5}},"type":"if","locations":[{"start":{"line":58,"column":4},"end":{"line":60,"column":5}},{"start":{},"end":{}}],"line":58},"1":{"loc":{"start":{"line":61,"column":17},"end":{"line":61,"column":57}},"type":"cond-expr","locations":[{"start":{"line":61,"column":41},"end":{"line":61,"column":48}},{"start":{"line":61,"column":51},"end":{"line":61,"column":57}}],"line":61},"2":{"loc":{"start":{"line":75,"column":4},"end":{"line":81,"column":5}},"type":"if","locations":[{"start":{"line":75,"column":4},"end":{"line":81,"column":5}},{"start":{"line":77,"column":11},"end":{"line":81,"column":5}}],"line":75},"3":{"loc":{"start":{"line":92,"column":4},"end":{"line":94,"column":5}},"type":"if","locations":[{"start":{"line":92,"column":4},"end":{"line":94,"column":5}},{"start":{},"end":{}}],"line":92},"4":{"loc":{"start":{"line":116,"column":4},"end":{"line":118,"column":5}},"type":"if","locations":[{"start":{"line":116,"column":4},"end":{"line":118,"column":5}},{"start":{},"end":{}}],"line":116},"5":{"loc":{"start":{"line":150,"column":4},"end":{"line":152,"column":5}},"type":"if","locations":[{"start":{"line":150,"column":4},"end":{"line":152,"column":5}},{"start":{},"end":{}}],"line":150},"6":{"loc":{"start":{"line":172,"column":4},"end":{"line":174,"column":5}},"type":"if","locations":[{"start":{"line":172,"column":4},"end":{"line":174,"column":5}},{"start":{},"end":{}}],"line":172},"7":{"loc":{"start":{"line":176,"column":4},"end":{"line":178,"column":5}},"type":"if","locations":[{"start":{"line":176,"column":4},"end":{"line":178,"column":5}},{"start":{},"end":{}}],"line":176}},"s":{"0":1,"1":0,"2":0,"3":0,"4":0,"5":1,"6":0,"7":0,"8":0,"9":0,"10":0,"11":0,"12":1,"13":0,"14":0,"15":0,"16":0,"17":0,"18":1,"19":0,"20":0,"21":0,"22":0,"23":0,"24":0,"25":1,"26":0,"27":0,"28":0,"29":0,"30":0,"31":0,"32":0,"33":0,"34":0,"35":1,"36":0,"37":0,"38":0,"39":0,"40":0,"41":0,"42":0,"43":0,"44":0,"45":0,"46":1,"47":0,"48":0,"49":0,"50":0,"51":0,"52":0,"53":0,"54":0,"55":0,"56":0,"57":0,"58":0,"59":1,"60":0,"61":0,"62":0,"63":0,"64":0,"65":0,"66":0,"67":0,"68":0,"69":0,"70":1,"71":0,"72":0,"73":0,"74":0,"75":0,"76":0,"77":1,"78":0,"79":0,"80":0,"81":0,"82":0,"83":0,"84":0,"85":0,"86":0,"87":0,"88":0,"89":1,"90":0,"91":0,"92":0,"93":0,"94":0,"95":0,"96":0,"97":0,"98":0,"99":0,"100":0,"101":0,"102":0,"103":0,"104":0},"f":{"0":0,"1":0,"2":0,"3":0,"4":0,"5":0,"6":0,"7":0,"8":0,"9":0,"10":0},"b":{"0":[0,0],"1":[0,0],"2":[0,0],"3":[0,0],"4":[0,0],"5":[0,0],"6":[0,0],"7":[0,0]},"_coverageSchema":"1a1c01bbd47fc00a2c39e90264f33305004495a9","hash":"6a6d9784955b0ad8b50811849f38ec23f8d29904"}
,"D:\\work-etoro-clone\\daily\\mvc-backend\\models\\taskModel.js": {"path":"D:\\work-etoro-clone\\daily\\mvc-backend\\models\\taskModel.js","statementMap":{"0":{"start":{"line":3,"column":19},"end":{"line":17,"column":24}},"1":{"start":{"line":19,"column":13},"end":{"line":19,"column":47}}},"fnMap":{},"branchMap":{},"s":{"0":1,"1":1},"f":{},"b":{},"_coverageSchema":"1a1c01bbd47fc00a2c39e90264f33305004495a9","hash":"a0dc3f7422024ec98d55c1917878eee7e1454bf5"}
,"D:\\work-etoro-clone\\daily\\mvc-backend\\models\\userModel.js": {"path":"D:\\work-etoro-clone\\daily\\mvc-backend\\models\\userModel.js","statementMap":{"0":{"start":{"line":4,"column":19},"end":{"line":41,"column":1}},"1":{"start":{"line":44,"column":0},"end":{"line":51,"column":3}},"2":{"start":{"line":45,"column":2},"end":{"line":47,"column":3}},"3":{"start":{"line":46,"column":4},"end":{"line":46,"column":18}},"4":{"start":{"line":48,"column":15},"end":{"line":48,"column":39}},"5":{"start":{"line":49,"column":2},"end":{"line":49,"column":57}},"6":{"start":{"line":50,"column":2},"end":{"line":50,"column":9}},"7":{"start":{"line":54,"column":0},"end":{"line":61,"column":3}},"8":{"start":{"line":55,"column":17},"end":{"line":55,"column":33}},"9":{"start":{"line":56,"column":2},"end":{"line":59,"column":3}},"10":{"start":{"line":57,"column":17},"end":{"line":57,"column":41}},"11":{"start":{"line":58,"column":4},"end":{"line":58,"column":63}},"12":{"start":{"line":60,"column":2},"end":{"line":60,"column":9}},"13":{"start":{"line":63,"column":13},"end":{"line":63,"column":47}}},"fnMap":{"0":{"name":"(anonymous_0)","decl":{"start":{"line":44,"column":23},"end":{"line":44,"column":24}},"loc":{"start":{"line":44,"column":45},"end":{"line":51,"column":1}},"line":44},"1":{"name":"(anonymous_1)","decl":{"start":{"line":54,"column":35},"end":{"line":54,"column":36}},"loc":{"start":{"line":54,"column":57},"end":{"line":61,"column":1}},"line":54}},"branchMap":{"0":{"loc":{"start":{"line":45,"column":2},"end":{"line":47,"column":3}},"type":"if","locations":[{"start":{"line":45,"column":2},"end":{"line":47,"column":3}},{"start":{},"end":{}}],"line":45},"1":{"loc":{"start":{"line":56,"column":2},"end":{"line":59,"column":3}},"type":"if","locations":[{"start":{"line":56,"column":2},"end":{"line":59,"column":3}},{"start":{},"end":{}}],"line":56}},"s":{"0":1,"1":1,"2":0,"3":0,"4":0,"5":0,"6":0,"7":1,"8":0,"9":0,"10":0,"11":0,"12":0,"13":1},"f":{"0":0,"1":0},"b":{"0":[0,0],"1":[0,0]},"_coverageSchema":"1a1c01bbd47fc00a2c39e90264f33305004495a9","hash":"415c5d8f020176807ed35dd995e3de408b88c9c2"}
,"D:\\work-etoro-clone\\daily\\mvc-backend\\routes\\taskRoutes.js": {"path":"D:\\work-etoro-clone\\daily\\mvc-backend\\routes\\taskRoutes.js","statementMap":{"0":{"start":{"line":10,"column":15},"end":{"line":10,"column":31}}},"fnMap":{},"branchMap":{},"s":{"0":1},"f":{},"b":{},"_coverageSchema":"1a1c01bbd47fc00a2c39e90264f33305004495a9","hash":"eb0d7508f30f41880f0b4a9b1698f345b060071b"}
,"D:\\work-etoro-clone\\daily\\mvc-backend\\routes\\userRoutes.js": {"path":"D:\\work-etoro-clone\\daily\\mvc-backend\\routes\\userRoutes.js","statementMap":{"0":{"start":{"line":16,"column":15},"end":{"line":16,"column":31}},"1":{"start":{"line":19,"column":0},"end":{"line":19,"column":26}},"2":{"start":{"line":20,"column":0},"end":{"line":20,"column":26}},"3":{"start":{"line":21,"column":0},"end":{"line":21,"column":34}},"4":{"start":{"line":22,"column":0},"end":{"line":22,"column":45}},"5":{"start":{"line":23,"column":0},"end":{"line":23,"column":42}},"6":{"start":{"line":24,"column":0},"end":{"line":24,"column":48}},"7":{"start":{"line":25,"column":0},"end":{"line":25,"column":61}},"8":{"start":{"line":26,"column":0},"end":{"line":26,"column":49}},"9":{"start":{"line":27,"column":0},"end":{"line":27,"column":49}},"10":{"start":{"line":28,"column":0},"end":{"line":28,"column":36}},"11":{"start":{"line":29,"column":0},"end":{"line":29,"column":47}}},"fnMap":{},"branchMap":{},"s":{"0":1,"1":1,"2":1,"3":1,"4":1,"5":1,"6":1,"7":1,"8":1,"9":1,"10":1,"11":1},"f":{},"b":{},"_coverageSchema":"1a1c01bbd47fc00a2c39e90264f33305004495a9","hash":"b1721503733c407962ee6355bb585c9bff8e31e8"}
}
